<?xml version="1.0" encoding="UTF-8"?>
<!-- Generated by org.testng.reporters.JUnitXMLReporter -->
<testsuite ignored="0" hostname="Ehsan" failures="1" tests="1" name="Test" time="4.031" errors="0" timestamp="2025-03-07T18:20:47 AEDT">
  <testcase classname="tests.GoogleSearchTest" name="testGoogleSearch" time="1.08">
    <failure type="java.lang.AssertionError" message="Title does not contain expected text!">
      <![CDATA[java.lang.AssertionError: Title does not contain expected text!
at tests.GoogleSearchTest.testGoogleSearch(GoogleSearchTest.java:25)
at java.base/java.util.ArrayList.forEach(ArrayList.java:1511)
... Removed 27 stack frames]]>
    </failure>
  </testcase> <!-- testGoogleSearch -->
</testsuite> <!-- Test -->
