<?xml version="1.0" encoding="UTF-8"?>
<testng-results ignored="0" total="1" passed="1" failed="0" skipped="0">
  <reporter-output>
  </reporter-output>
  <suite started-at="2025-03-09T14:27:42 AEDT" name="Surefire suite" finished-at="2025-03-09T14:27:44 AEDT" duration-ms="2839">
    <groups>
    </groups>
    <test started-at="2025-03-09T14:27:42 AEDT" name="Surefire test" finished-at="2025-03-09T14:27:44 AEDT" duration-ms="2839">
      <class name="tests.LoginTest">
        <test-method is-config="true" signature="setup()[pri:0, instance:tests.LoginTest@61dd025]" started-at="2025-03-09T14:27:42 AEDT" name="setup" finished-at="2025-03-09T14:27:44 AEDT" duration-ms="2362" status="PASS">
          <reporter-output>
          </reporter-output>
        </test-method> <!-- setup -->
        <test-method signature="testValidlogin()[pri:0, instance:tests.LoginTest@61dd025]" started-at="2025-03-09T14:27:44 AEDT" name="testValidlogin" finished-at="2025-03-09T14:27:44 AEDT" duration-ms="434" status="PASS">
          <reporter-output>
          </reporter-output>
        </test-method> <!-- testValidlogin -->
        <test-method is-config="true" signature="teardown()[pri:0, instance:tests.LoginTest@61dd025]" started-at="2025-03-09T14:27:44 AEDT" name="teardown" finished-at="2025-03-09T14:27:44 AEDT" duration-ms="1" status="PASS">
          <reporter-output>
          </reporter-output>
        </test-method> <!-- teardown -->
      </class> <!-- tests.LoginTest -->
    </test> <!-- Surefire test -->
  </suite> <!-- Surefire suite -->
</testng-results>
