<?xml version="1.0" encoding="UTF-8"?>
<testng-results ignored="0" total="1" passed="1" failed="0" skipped="0">
  <reporter-output>
  </reporter-output>
  <suite started-at="2025-03-10T06:14:42 AEDT" name="Default suite" finished-at="2025-03-10T06:14:47 AEDT" duration-ms="4974">
    <groups>
    </groups>
    <test started-at="2025-03-10T06:14:42 AEDT" name="Default test" finished-at="2025-03-10T06:14:47 AEDT" duration-ms="4974">
      <class name="tests.LoginTest">
        <test-method is-config="true" signature="setup()[pri:0, instance:tests.LoginTest@7b2bbc3]" started-at="2025-03-10T06:14:42 AEDT" name="setup" finished-at="2025-03-10T06:14:46 AEDT" duration-ms="4667" status="PASS">
          <reporter-output>
          </reporter-output>
        </test-method> <!-- setup -->
        <test-method signature="testValidlogin()[pri:0, instance:tests.LoginTest@7b2bbc3]" started-at="2025-03-10T06:14:46 AEDT" name="testValidlogin" finished-at="2025-03-10T06:14:47 AEDT" duration-ms="252" status="PASS">
          <reporter-output>
          </reporter-output>
        </test-method> <!-- testValidlogin -->
        <test-method is-config="true" signature="teardown()[pri:0, instance:tests.LoginTest@7b2bbc3]" started-at="2025-03-10T06:14:47 AEDT" name="teardown" finished-at="2025-03-10T06:14:47 AEDT" duration-ms="0" status="PASS">
          <reporter-output>
          </reporter-output>
        </test-method> <!-- teardown -->
      </class> <!-- tests.LoginTest -->
    </test> <!-- Default test -->
  </suite> <!-- Default suite -->
</testng-results>
